#
# There is insufficient memory for the Java Runtime Environment to continue.
# Native memory allocation (mmap) failed to map 65536 bytes for Failed to commit metaspace.
# Possible reasons:
#   The system is out of physical RAM or swap space
#   The process is running with CompressedOops enabled, and the Java Heap may be blocking the growth of the native heap
# Possible solutions:
#   Reduce memory load on the system
#   Increase physical memory or swap space
#   Check if swap backing store is full
#   Decrease Java heap size (-Xmx/-Xms)
#   Decrease number of Java threads
#   Decrease Java thread stack sizes (-Xss)
#   Set larger code cache with -XX:ReservedCodeCacheSize=
#   JVM is running with Unscaled Compressed Oops mode in which the Java heap is
#     placed in the first 4GB address space. The Java Heap base address is the
#     maximum limit for the native heap growth. Please use -XX:HeapBaseMinAddress
#     to set the Java Heap base and to place the Java Heap above 4GB virtual address.
# This output file may be truncated or incomplete.
#
#  Out of Memory Error (virtualSpaceNode.cpp:110), pid=122708, tid=116784
#
# JRE version: Java(TM) SE Runtime Environment (17.0.12+8) (build 17.0.12+8-LTS-286)
# Java VM: Java HotSpot(TM) 64-Bit Server VM (17.0.12+8-LTS-286, mixed mode, tiered, compressed oops, compressed class ptrs, g1 gc, windows-amd64)
# No core dump will be written. Minidumps are not enabled by default on client versions of Windows
#

---------------  S U M M A R Y ------------

Command Line: -Dfile.encoding=UTF-8 --module-path=C:\Users\hphp2\OneDrive\Documents\NetBeansProjects\GestionVols\build\classes gestionvols.GestionVols

Host: 11th Gen Intel(R) Core(TM) i3-1115G4 @ 3.00GHz, 4 cores, 7G,  Windows 11 , 64 bit Build 22621 (10.0.22621.5415)
Time: Sun Dec 14 17:41:12 2025 Paris, Madrid elapsed time: 0.760699 seconds (0d 0h 0m 0s)

---------------  T H R E A D  ---------------

Current thread (0x0000020601c447f0):  JavaThread "main" [_thread_in_vm, id=116784, stack(0x0000000f52800000,0x0000000f52900000)]

Stack: [0x0000000f52800000,0x0000000f52900000]
Native frames: (J=compiled Java code, j=interpreted, Vv=VM code, C=native code)
V  [jvm.dll+0x67a04a]
V  [jvm.dll+0x7da4ed]
V  [jvm.dll+0x7dbe33]
V  [jvm.dll+0x7dc4a3]
V  [jvm.dll+0x24508f]
V  [jvm.dll+0x7d60bb]
V  [jvm.dll+0x6206c6]
V  [jvm.dll+0x1bed07]
V  [jvm.dll+0x623022]
V  [jvm.dll+0x621086]
V  [jvm.dll+0x62af77]
V  [jvm.dll+0x1e84b2]
V  [jvm.dll+0x1e89d5]
V  [jvm.dll+0x1e931b]
V  [jvm.dll+0x1dea41]
V  [jvm.dll+0x53f78c]
V  [jvm.dll+0x1ef3ca]
V  [jvm.dll+0x7547ad]
V  [jvm.dll+0x755bc6]
V  [jvm.dll+0x414b95]
C  [java.dll+0x1a55]

Java frames: (J=compiled Java code, j=interpreted, Vv=VM code)
j  java.lang.ClassLoader.findBootstrapClass(Ljava/lang/String;)Ljava/lang/Class;+0 java.base@17.0.12
j  java.lang.ClassLoader.findBootstrapClassOrNull(Ljava/lang/String;)Ljava/lang/Class;+10 java.base@17.0.12
j  java.lang.System$2.findBootstrapClassOrNull(Ljava/lang/String;)Ljava/lang/Class;+1 java.base@17.0.12
j  jdk.internal.loader.ClassLoaders$BootClassLoader.loadClassOrNull(Ljava/lang/String;Z)Ljava/lang/Class;+4 java.base@17.0.12
j  jdk.internal.loader.BuiltinClassLoader.loadClassOrNull(Ljava/lang/String;)Ljava/lang/Class;+3 java.base@17.0.12
j  jdk.internal.loader.BuiltinClassLoader.loadClassOrNull(Ljava/lang/String;Z)Ljava/lang/Class;+66 java.base@17.0.12
j  jdk.internal.loader.BuiltinClassLoader.loadClass(Ljava/lang/String;Z)Ljava/lang/Class;+3 java.base@17.0.12
j  jdk.internal.loader.ClassLoaders$AppClassLoader.loadClass(Ljava/lang/String;Z)Ljava/lang/Class;+36 java.base@17.0.12
j  java.lang.ClassLoader.loadClass(Ljava/lang/String;)Ljava/lang/Class;+3 java.base@17.0.12
v  ~StubRoutines::call_stub
j  gestionvols.GestionVols.main([Ljava/lang/String;)V+0
v  ~StubRoutines::call_stub

---------------  P R O C E S S  ---------------

Threads class SMR info:
_java_thread_list=0x000002061f78cfc0, length=12, elements={
0x0000020601c447f0, 0x000002061f3b8260, 0x000002061f3bbd40, 0x000002061f3c2620,
0x000002061f52d110, 0x000002061f52fae0, 0x000002061f5304a0, 0x000002061f534690,
0x000002061f536060, 0x000002061f53e980, 0x000002061f3209f0, 0x000002061f7b7240
}

Java Threads: ( => current thread )
=>0x0000020601c447f0 JavaThread "main" [_thread_in_vm, id=116784, stack(0x0000000f52800000,0x0000000f52900000)]
  0x000002061f3b8260 JavaThread "Reference Handler" daemon [_thread_blocked, id=117608, stack(0x0000000f52f00000,0x0000000f53000000)]
  0x000002061f3bbd40 JavaThread "Finalizer" daemon [_thread_blocked, id=123316, stack(0x0000000f53000000,0x0000000f53100000)]
  0x000002061f3c2620 JavaThread "Signal Dispatcher" daemon [_thread_blocked, id=108340, stack(0x0000000f53100000,0x0000000f53200000)]
  0x000002061f52d110 JavaThread "Attach Listener" daemon [_thread_blocked, id=102440, stack(0x0000000f53200000,0x0000000f53300000)]
  0x000002061f52fae0 JavaThread "Service Thread" daemon [_thread_blocked, id=122280, stack(0x0000000f53300000,0x0000000f53400000)]
  0x000002061f5304a0 JavaThread "Monitor Deflation Thread" daemon [_thread_blocked, id=103048, stack(0x0000000f53400000,0x0000000f53500000)]
  0x000002061f534690 JavaThread "C2 CompilerThread0" daemon [_thread_blocked, id=119576, stack(0x0000000f53500000,0x0000000f53600000)]
  0x000002061f536060 JavaThread "C1 CompilerThread0" daemon [_thread_blocked, id=113172, stack(0x0000000f53600000,0x0000000f53700000)]
  0x000002061f53e980 JavaThread "Sweeper thread" daemon [_thread_blocked, id=106664, stack(0x0000000f53700000,0x0000000f53800000)]
  0x000002061f3209f0 JavaThread "Common-Cleaner" daemon [_thread_blocked, id=98956, stack(0x0000000f53800000,0x0000000f53900000)]
  0x000002061f7b7240 JavaThread "Notification Thread" daemon [_thread_blocked, id=94964, stack(0x0000000f53900000,0x0000000f53a00000)]

Other Threads:
  0x000002061f391920 VMThread "VM Thread" [stack: 0x0000000f52e00000,0x0000000f52f00000] [id=121600]
  0x000002061f79cda0 WatcherThread [stack: 0x0000000f53a00000,0x0000000f53b00000] [id=117700]
  0x0000020601c9b480 GCTaskThread "GC Thread#0" [stack: 0x0000000f52900000,0x0000000f52a00000] [id=121644]
  0x0000020601cac1e0 ConcurrentGCThread "G1 Main Marker" [stack: 0x0000000f52a00000,0x0000000f52b00000] [id=113668]
  0x0000020601cad390 ConcurrentGCThread "G1 Conc#0" [stack: 0x0000000f52b00000,0x0000000f52c00000] [id=83172]
  0x0000020601d04e90 ConcurrentGCThread "G1 Refine#0" [stack: 0x0000000f52c00000,0x0000000f52d00000] [id=113476]
  0x0000020601d058c0 ConcurrentGCThread "G1 Service" [stack: 0x0000000f52d00000,0x0000000f52e00000] [id=119012]

Threads with active compile tasks:

VM state: not at safepoint (normal execution)

VM Mutex/Monitor currently owned by a thread:  ([mutex/lock_event])
[0x0000020601c418d0] Metaspace_lock - owner thread: 0x0000020601c447f0

Heap address: 0x0000000084000000, size: 1984 MB, Compressed Oops mode: 32-bit

CDS archive(s) not mapped
Compressed class space mapped at: 0x0000000100000000-0x0000000140000000, reserved size: 1073741824
Narrow klass base: 0x0000000000000000, Narrow klass shift: 3, Narrow klass range: 0x140000000

GC Precious Log:
 CPUs: 4 total, 4 available
 Memory: 7932M
 Large Page Support: Disabled
 NUMA Support: Disabled
 Compressed Oops: Enabled (32-bit)
 Heap Region Size: 1M
 Heap Min Capacity: 8M
 Heap Initial Capacity: 124M
 Heap Max Capacity: 1984M
 Pre-touch: Disabled
 Parallel Workers: 4
 Concurrent Workers: 1
 Concurrent Refinement Workers: 4
 Periodic GC: Disabled

Heap:
 garbage-first heap   total 126976K, used 2048K [0x0000000084000000, 0x0000000100000000)
  region size 1024K, 3 young (3072K), 0 survivors (0K)
 Metaspace       used 6706K, committed 6784K, reserved 1114112K
  class space    used 565K, committed 640K, reserved 1048576K

Heap Regions: E=young(eden), S=young(survivor), O=old, HS=humongous(starts), HC=humongous(continues), CS=collection set, F=free, OA=open archive, CA=closed archive, TAMS=top-at-mark-start (previous, next)
|   0|0x0000000084000000, 0x0000000084000000, 0x0000000084100000|  0%| F|  |TAMS 0x0000000084000000, 0x0000000084000000| Untracked 
|   1|0x0000000084100000, 0x0000000084100000, 0x0000000084200000|  0%| F|  |TAMS 0x0000000084100000, 0x0000000084100000| Untracked 
|   2|0x0000000084200000, 0x0000000084200000, 0x0000000084300000|  0%| F|  |TAMS 0x0000000084200000, 0x0000000084200000| Untracked 
|   3|0x0000000084300000, 0x0000000084300000, 0x0000000084400000|  0%| F|  |TAMS 0x0000000084300000, 0x0000000084300000| Untracked 
|   4|0x0000000084400000, 0x0000000084400000, 0x0000000084500000|  0%| F|  |TAMS 0x0000000084400000, 0x0000000084400000| Untracked 
|   5|0x0000000084500000, 0x0000000084500000, 0x0000000084600000|  0%| F|  |TAMS 0x0000000084500000, 0x0000000084500000| Untracked 
|   6|0x0000000084600000, 0x0000000084600000, 0x0000000084700000|  0%| F|  |TAMS 0x0000000084600000, 0x0000000084600000| Untracked 
|   7|0x0000000084700000, 0x0000000084700000, 0x0000000084800000|  0%| F|  |TAMS 0x0000000084700000, 0x0000000084700000| Untracked 
|   8|0x0000000084800000, 0x0000000084800000, 0x0000000084900000|  0%| F|  |TAMS 0x0000000084800000, 0x0000000084800000| Untracked 
|   9|0x0000000084900000, 0x0000000084900000, 0x0000000084a00000|  0%| F|  |TAMS 0x0000000084900000, 0x0000000084900000| Untracked 
|  10|0x0000000084a00000, 0x0000000084a00000, 0x0000000084b00000|  0%| F|  |TAMS 0x0000000084a00000, 0x0000000084a00000| Untracked 
|  11|0x0000000084b00000, 0x0000000084b00000, 0x0000000084c00000|  0%| F|  |TAMS 0x0000000084b00000, 0x0000000084b00000| Untracked 
|  12|0x0000000084c00000, 0x0000000084c00000, 0x0000000084d00000|  0%| F|  |TAMS 0x0000000084c00000, 0x0000000084c00000| Untracked 
|  13|0x0000000084d00000, 0x0000000084d00000, 0x0000000084e00000|  0%| F|  |TAMS 0x0000000084d00000, 0x0000000084d00000| Untracked 
|  14|0x0000000084e00000, 0x0000000084e00000, 0x0000000084f00000|  0%| F|  |TAMS 0x0000000084e00000, 0x0000000084e00000| Untracked 
|  15|0x0000000084f00000, 0x0000000084f00000, 0x0000000085000000|  0%| F|  |TAMS 0x0000000084f00000, 0x0000000084f00000| Untracked 
|  16|0x0000000085000000, 0x0000000085000000, 0x0000000085100000|  0%| F|  |TAMS 0x0000000085000000, 0x0000000085000000| Untracked 
|  17|0x0000000085100000, 0x0000000085100000, 0x0000000085200000|  0%| F|  |TAMS 0x0000000085100000, 0x0000000085100000| Untracked 
|  18|0x0000000085200000, 0x0000000085200000, 0x0000000085300000|  0%| F|  |TAMS 0x0000000085200000, 0x0000000085200000| Untracked 
|  19|0x0000000085300000, 0x0000000085300000, 0x0000000085400000|  0%| F|  |TAMS 0x0000000085300000, 0x0000000085300000| Untracked 
|  20|0x0000000085400000, 0x0000000085400000, 0x0000000085500000|  0%| F|  |TAMS 0x0000000085400000, 0x0000000085400000| Untracked 
|  21|0x0000000085500000, 0x0000000085500000, 0x0000000085600000|  0%| F|  |TAMS 0x0000000085500000, 0x0000000085500000| Untracked 
|  22|0x0000000085600000, 0x0000000085600000, 0x0000000085700000|  0%| F|  |TAMS 0x0000000085600000, 0x0000000085600000| Untracked 
|  23|0x0000000085700000, 0x0000000085700000, 0x0000000085800000|  0%| F|  |TAMS 0x0000000085700000, 0x0000000085700000| Untracked 
|  24|0x0000000085800000, 0x0000000085800000, 0x0000000085900000|  0%| F|  |TAMS 0x0000000085800000, 0x0000000085800000| Untracked 
|  25|0x0000000085900000, 0x0000000085900000, 0x0000000085a00000|  0%| F|  |TAMS 0x0000000085900000, 0x0000000085900000| Untracked 
|  26|0x0000000085a00000, 0x0000000085a00000, 0x0000000085b00000|  0%| F|  |TAMS 0x0000000085a00000, 0x0000000085a00000| Untracked 
|  27|0x0000000085b00000, 0x0000000085b00000, 0x0000000085c00000|  0%| F|  |TAMS 0x0000000085b00000, 0x0000000085b00000| Untracked 
|  28|0x0000000085c00000, 0x0000000085c00000, 0x0000000085d00000|  0%| F|  |TAMS 0x0000000085c00000, 0x0000000085c00000| Untracked 
|  29|0x0000000085d00000, 0x0000000085d00000, 0x0000000085e00000|  0%| F|  |TAMS 0x0000000085d00000, 0x0000000085d00000| Untracked 
|  30|0x0000000085e00000, 0x0000000085e00000, 0x0000000085f00000|  0%| F|  |TAMS 0x0000000085e00000, 0x0000000085e00000| Untracked 
|  31|0x0000000085f00000, 0x0000000085f00000, 0x0000000086000000|  0%| F|  |TAMS 0x0000000085f00000, 0x0000000085f00000| Untracked 
|  32|0x0000000086000000, 0x0000000086000000, 0x0000000086100000|  0%| F|  |TAMS 0x0000000086000000, 0x0000000086000000| Untracked 
|  33|0x0000000086100000, 0x0000000086100000, 0x0000000086200000|  0%| F|  |TAMS 0x0000000086100000, 0x0000000086100000| Untracked 
|  34|0x0000000086200000, 0x0000000086200000, 0x0000000086300000|  0%| F|  |TAMS 0x0000000086200000, 0x0000000086200000| Untracked 
|  35|0x0000000086300000, 0x0000000086300000, 0x0000000086400000|  0%| F|  |TAMS 0x0000000086300000, 0x0000000086300000| Untracked 
|  36|0x0000000086400000, 0x0000000086400000, 0x0000000086500000|  0%| F|  |TAMS 0x0000000086400000, 0x0000000086400000| Untracked 
|  37|0x0000000086500000, 0x0000000086500000, 0x0000000086600000|  0%| F|  |TAMS 0x0000000086500000, 0x0000000086500000| Untracked 
|  38|0x0000000086600000, 0x0000000086600000, 0x0000000086700000|  0%| F|  |TAMS 0x0000000086600000, 0x0000000086600000| Untracked 
|  39|0x0000000086700000, 0x0000000086700000, 0x0000000086800000|  0%| F|  |TAMS 0x0000000086700000, 0x0000000086700000| Untracked 
|  40|0x0000000086800000, 0x0000000086800000, 0x0000000086900000|  0%| F|  |TAMS 0x0000000086800000, 0x0000000086800000| Untracked 
|  41|0x0000000086900000, 0x0000000086900000, 0x0000000086a00000|  0%| F|  |TAMS 0x0000000086900000, 0x0000000086900000| Untracked 
|  42|0x0000000086a00000, 0x0000000086a00000, 0x0000000086b00000|  0%| F|  |TAMS 0x0000000086a00000, 0x0000000086a00000| Untracked 
|  43|0x0000000086b00000, 0x0000000086b00000, 0x0000000086c00000|  0%| F|  |TAMS 0x0000000086b00000, 0x0000000086b00000| Untracked 
|  44|0x0000000086c00000, 0x0000000086c00000, 0x0000000086d00000|  0%| F|  |TAMS 0x0000000086c00000, 0x0000000086c00000| Untracked 
|  45|0x0000000086d00000, 0x0000000086d00000, 0x0000000086e00000|  0%| F|  |TAMS 0x0000000086d00000, 0x0000000086d00000| Untracked 
|  46|0x0000000086e00000, 0x0000000086e00000, 0x0000000086f00000|  0%| F|  |TAMS 0x0000000086e00000, 0x0000000086e00000| Untracked 
|  47|0x0000000086f00000, 0x0000000086f00000, 0x0000000087000000|  0%| F|  |TAMS 0x0000000086f00000, 0x0000000086f00000| Untracked 
|  48|0x0000000087000000, 0x0000000087000000, 0x0000000087100000|  0%| F|  |TAMS 0x0000000087000000, 0x0000000087000000| Untracked 
|  49|0x0000000087100000, 0x0000000087100000, 0x0000000087200000|  0%| F|  |TAMS 0x0000000087100000, 0x0000000087100000| Untracked 
|  50|0x0000000087200000, 0x0000000087200000, 0x0000000087300000|  0%| F|  |TAMS 0x0000000087200000, 0x0000000087200000| Untracked 
|  51|0x0000000087300000, 0x0000000087300000, 0x0000000087400000|  0%| F|  |TAMS 0x0000000087300000, 0x0000000087300000| Untracked 
|  52|0x0000000087400000, 0x0000000087400000, 0x0000000087500000|  0%| F|  |TAMS 0x0000000087400000, 0x0000000087400000| Untracked 
|  53|0x0000000087500000, 0x0000000087500000, 0x0000000087600000|  0%| F|  |TAMS 0x0000000087500000, 0x0000000087500000| Untracked 
|  54|0x0000000087600000, 0x0000000087600000, 0x0000000087700000|  0%| F|  |TAMS 0x0000000087600000, 0x0000000087600000| Untracked 
|  55|0x0000000087700000, 0x0000000087700000, 0x0000000087800000|  0%| F|  |TAMS 0x0000000087700000, 0x0000000087700000| Untracked 
|  56|0x0000000087800000, 0x0000000087800000, 0x0000000087900000|  0%| F|  |TAMS 0x0000000087800000, 0x0000000087800000| Untracked 
|  57|0x0000000087900000, 0x0000000087900000, 0x0000000087a00000|  0%| F|  |TAMS 0x0000000087900000, 0x0000000087900000| Untracked 
|  58|0x0000000087a00000, 0x0000000087a00000, 0x0000000087b00000|  0%| F|  |TAMS 0x0000000087a00000, 0x0000000087a00000| Untracked 
|  59|0x0000000087b00000, 0x0000000087b00000, 0x0000000087c00000|  0%| F|  |TAMS 0x0000000087b00000, 0x0000000087b00000| Untracked 
|  60|0x0000000087c00000, 0x0000000087c00000, 0x0000000087d00000|  0%| F|  |TAMS 0x0000000087c00000, 0x0000000087c00000| Untracked 
|  61|0x0000000087d00000, 0x0000000087d00000, 0x0000000087e00000|  0%| F|  |TAMS 0x0000000087d00000, 0x0000000087d00000| Untracked 
|  62|0x0000000087e00000, 0x0000000087e00000, 0x0000000087f00000|  0%| F|  |TAMS 0x0000000087e00000, 0x0000000087e00000| Untracked 
|  63|0x0000000087f00000, 0x0000000087f00000, 0x0000000088000000|  0%| F|  |TAMS 0x0000000087f00000, 0x0000000087f00000| Untracked 
|  64|0x0000000088000000, 0x0000000088000000, 0x0000000088100000|  0%| F|  |TAMS 0x0000000088000000, 0x0000000088000000| Untracked 
|  65|0x0000000088100000, 0x0000000088100000, 0x0000000088200000|  0%| F|  |TAMS 0x0000000088100000, 0x0000000088100000| Untracked 
|  66|0x0000000088200000, 0x0000000088200000, 0x0000000088300000|  0%| F|  |TAMS 0x0000000088200000, 0x0000000088200000| Untracked 
|  67|0x0000000088300000, 0x0000000088300000, 0x0000000088400000|  0%| F|  |TAMS 0x0000000088300000, 0x0000000088300000| Untracked 
|  68|0x0000000088400000, 0x0000000088400000, 0x0000000088500000|  0%| F|  |TAMS 0x0000000088400000, 0x0000000088400000| Untracked 
|  69|0x0000000088500000, 0x0000000088500000, 0x0000000088600000|  0%| F|  |TAMS 0x0000000088500000, 0x0000000088500000| Untracked 
|  70|0x0000000088600000, 0x0000000088600000, 0x0000000088700000|  0%| F|  |TAMS 0x0000000088600000, 0x0000000088600000| Untracked 
|  71|0x0000000088700000, 0x0000000088700000, 0x0000000088800000|  0%| F|  |TAMS 0x0000000088700000, 0x0000000088700000| Untracked 
|  72|0x0000000088800000, 0x0000000088800000, 0x0000000088900000|  0%| F|  |TAMS 0x0000000088800000, 0x0000000088800000| Untracked 
|  73|0x0000000088900000, 0x0000000088900000, 0x0000000088a00000|  0%| F|  |TAMS 0x0000000088900000, 0x0000000088900000| Untracked 
|  74|0x0000000088a00000, 0x0000000088a00000, 0x0000000088b00000|  0%| F|  |TAMS 0x0000000088a00000, 0x0000000088a00000| Untracked 
|  75|0x0000000088b00000, 0x0000000088b00000, 0x0000000088c00000|  0%| F|  |TAMS 0x0000000088b00000, 0x0000000088b00000| Untracked 
|  76|0x0000000088c00000, 0x0000000088c00000, 0x0000000088d00000|  0%| F|  |TAMS 0x0000000088c00000, 0x0000000088c00000| Untracked 
|  77|0x0000000088d00000, 0x0000000088d00000, 0x0000000088e00000|  0%| F|  |TAMS 0x0000000088d00000, 0x0000000088d00000| Untracked 
|  78|0x0000000088e00000, 0x0000000088e00000, 0x0000000088f00000|  0%| F|  |TAMS 0x0000000088e00000, 0x0000000088e00000| Untracked 
|  79|0x0000000088f00000, 0x0000000088f00000, 0x0000000089000000|  0%| F|  |TAMS 0x0000000088f00000, 0x0000000088f00000| Untracked 
|  80|0x0000000089000000, 0x0000000089000000, 0x0000000089100000|  0%| F|  |TAMS 0x0000000089000000, 0x0000000089000000| Untracked 
|  81|0x0000000089100000, 0x0000000089100000, 0x0000000089200000|  0%| F|  |TAMS 0x0000000089100000, 0x0000000089100000| Untracked 
|  82|0x0000000089200000, 0x0000000089200000, 0x0000000089300000|  0%| F|  |TAMS 0x0000000089200000, 0x0000000089200000| Untracked 
|  83|0x0000000089300000, 0x0000000089300000, 0x0000000089400000|  0%| F|  |TAMS 0x0000000089300000, 0x0000000089300000| Untracked 
|  84|0x0000000089400000, 0x0000000089400000, 0x0000000089500000|  0%| F|  |TAMS 0x0000000089400000, 0x0000000089400000| Untracked 
|  85|0x0000000089500000, 0x0000000089500000, 0x0000000089600000|  0%| F|  |TAMS 0x0000000089500000, 0x0000000089500000| Untracked 
|  86|0x0000000089600000, 0x0000000089600000, 0x0000000089700000|  0%| F|  |TAMS 0x0000000089600000, 0x0000000089600000| Untracked 
|  87|0x0000000089700000, 0x0000000089700000, 0x0000000089800000|  0%| F|  |TAMS 0x0000000089700000, 0x0000000089700000| Untracked 
|  88|0x0000000089800000, 0x0000000089800000, 0x0000000089900000|  0%| F|  |TAMS 0x0000000089800000, 0x0000000089800000| Untracked 
|  89|0x0000000089900000, 0x0000000089900000, 0x0000000089a00000|  0%| F|  |TAMS 0x0000000089900000, 0x0000000089900000| Untracked 
|  90|0x0000000089a00000, 0x0000000089a00000, 0x0000000089b00000|  0%| F|  |TAMS 0x0000000089a00000, 0x0000000089a00000| Untracked 
|  91|0x0000000089b00000, 0x0000000089b00000, 0x0000000089c00000|  0%| F|  |TAMS 0x0000000089b00000, 0x0000000089b00000| Untracked 
|  92|0x0000000089c00000, 0x0000000089c00000, 0x0000000089d00000|  0%| F|  |TAMS 0x0000000089c00000, 0x0000000089c00000| Untracked 
|  93|0x0000000089d00000, 0x0000000089d00000, 0x0000000089e00000|  0%| F|  |TAMS 0x0000000089d00000, 0x0000000089d00000| Untracked 
|  94|0x0000000089e00000, 0x0000000089e00000, 0x0000000089f00000|  0%| F|  |TAMS 0x0000000089e00000, 0x0000000089e00000| Untracked 
|  95|0x0000000089f00000, 0x0000000089f00000, 0x000000008a000000|  0%| F|  |TAMS 0x0000000089f00000, 0x0000000089f00000| Untracked 
|  96|0x000000008a000000, 0x000000008a000000, 0x000000008a100000|  0%| F|  |TAMS 0x000000008a000000, 0x000000008a000000| Untracked 
|  97|0x000000008a100000, 0x000000008a100000, 0x000000008a200000|  0%| F|  |TAMS 0x000000008a100000, 0x000000008a100000| Untracked 
|  98|0x000000008a200000, 0x000000008a200000, 0x000000008a300000|  0%| F|  |TAMS 0x000000008a200000, 0x000000008a200000| Untracked 
|  99|0x000000008a300000, 0x000000008a300000, 0x000000008a400000|  0%| F|  |TAMS 0x000000008a300000, 0x000000008a300000| Untracked 
| 100|0x000000008a400000, 0x000000008a400000, 0x000000008a500000|  0%| F|  |TAMS 0x000000008a400000, 0x000000008a400000| Untracked 
| 101|0x000000008a500000, 0x000000008a500000, 0x000000008a600000|  0%| F|  |TAMS 0x000000008a500000, 0x000000008a500000| Untracked 
| 102|0x000000008a600000, 0x000000008a600000, 0x000000008a700000|  0%| F|  |TAMS 0x000000008a600000, 0x000000008a600000| Untracked 
| 103|0x000000008a700000, 0x000000008a700000, 0x000000008a800000|  0%| F|  |TAMS 0x000000008a700000, 0x000000008a700000| Untracked 
| 104|0x000000008a800000, 0x000000008a800000, 0x000000008a900000|  0%| F|  |TAMS 0x000000008a800000, 0x000000008a800000| Untracked 
| 105|0x000000008a900000, 0x000000008a900000, 0x000000008aa00000|  0%| F|  |TAMS 0x000000008a900000, 0x000000008a900000| Untracked 
| 106|0x000000008aa00000, 0x000000008aa00000, 0x000000008ab00000|  0%| F|  |TAMS 0x000000008aa00000, 0x000000008aa00000| Untracked 
| 107|0x000000008ab00000, 0x000000008ab00000, 0x000000008ac00000|  0%| F|  |TAMS 0x000000008ab00000, 0x000000008ab00000| Untracked 
| 108|0x000000008ac00000, 0x000000008ac00000, 0x000000008ad00000|  0%| F|  |TAMS 0x000000008ac00000, 0x000000008ac00000| Untracked 
| 109|0x000000008ad00000, 0x000000008ad00000, 0x000000008ae00000|  0%| F|  |TAMS 0x000000008ad00000, 0x000000008ad00000| Untracked 
| 110|0x000000008ae00000, 0x000000008ae00000, 0x000000008af00000|  0%| F|  |TAMS 0x000000008ae00000, 0x000000008ae00000| Untracked 
| 111|0x000000008af00000, 0x000000008af00000, 0x000000008b000000|  0%| F|  |TAMS 0x000000008af00000, 0x000000008af00000| Untracked 
| 112|0x000000008b000000, 0x000000008b000000, 0x000000008b100000|  0%| F|  |TAMS 0x000000008b000000, 0x000000008b000000| Untracked 
| 113|0x000000008b100000, 0x000000008b100000, 0x000000008b200000|  0%| F|  |TAMS 0x000000008b100000, 0x000000008b100000| Untracked 
| 114|0x000000008b200000, 0x000000008b200000, 0x000000008b300000|  0%| F|  |TAMS 0x000000008b200000, 0x000000008b200000| Untracked 
| 115|0x000000008b300000, 0x000000008b300000, 0x000000008b400000|  0%| F|  |TAMS 0x000000008b300000, 0x000000008b300000| Untracked 
| 116|0x000000008b400000, 0x000000008b400000, 0x000000008b500000|  0%| F|  |TAMS 0x000000008b400000, 0x000000008b400000| Untracked 
| 117|0x000000008b500000, 0x000000008b500000, 0x000000008b600000|  0%| F|  |TAMS 0x000000008b500000, 0x000000008b500000| Untracked 
| 118|0x000000008b600000, 0x000000008b600000, 0x000000008b700000|  0%| F|  |TAMS 0x000000008b600000, 0x000000008b600000| Untracked 
| 119|0x000000008b700000, 0x000000008b700000, 0x000000008b800000|  0%| F|  |TAMS 0x000000008b700000, 0x000000008b700000| Untracked 
| 120|0x000000008b800000, 0x000000008b800000, 0x000000008b900000|  0%| F|  |TAMS 0x000000008b800000, 0x000000008b800000| Untracked 
| 121|0x000000008b900000, 0x000000008b995ba8, 0x000000008ba00000| 58%| E|  |TAMS 0x000000008b900000, 0x000000008b900000| Complete 
| 122|0x000000008ba00000, 0x000000008bb00000, 0x000000008bb00000|100%| E|CS|TAMS 0x000000008ba00000, 0x000000008ba00000| Complete 
| 123|0x000000008bb00000, 0x000000008bc00000, 0x000000008bc00000|100%| E|CS|TAMS 0x000000008bb00000, 0x000000008bb00000| Complete 

Card table byte_map: [0x00000206188e0000,0x0000020618cc0000] _byte_map_base: 0x00000206184c0000

Marking Bits (Prev, Next): (CMBitMap*) 0x0000020601c9baa0, (CMBitMap*) 0x0000020601c9bae0
 Prev Bits: [0x00000206190a0000, 0x000002061afa0000)
 Next Bits: [0x000002061afa0000, 0x000002061cea0000)

Polling page: 0x0000020601410000

Metaspace:

Usage:
  Non-class:      6.00 MB used.
      Class:    565.34 KB used.
       Both:      6.55 MB used.

Virtual space:
  Non-class space:       64.00 MB reserved,       6.00 MB (  9%) committed,  1 nodes.
      Class space:        1.00 GB reserved,     640.00 KB ( <1%) committed,  1 nodes.
             Both:        1.06 GB reserved,       6.62 MB ( <1%) committed. 

Chunk freelists:
   Non-Class:  9.00 MB
       Class:  15.24 MB
        Both:  24.24 MB

MaxMetaspaceSize: unlimited
CompressedClassSpaceSize: 1.00 GB
Initial GC threshold: 21.00 MB
Current GC threshold: 21.00 MB
CDS: off
MetaspaceReclaimPolicy: balanced
 - commit_granule_bytes: 65536.
 - commit_granule_words: 8192.
 - virtual_space_node_default_size: 8388608.
 - enlarge_chunks_in_place: 1.
 - new_chunks_are_fully_committed: 0.
 - uncommit_free_chunks: 1.
 - use_allocation_guard: 0.
 - handle_deallocations: 1.


Internal statistics:

num_allocs_failed_limit: 0.
num_arena_births: 6.
num_arena_deaths: 0.
num_vsnodes_births: 2.
num_vsnodes_deaths: 0.
num_space_committed: 106.
num_space_uncommitted: 0.
num_chunks_returned_to_freelist: 0.
num_chunks_taken_from_freelist: 25.
num_chunk_merges: 0.
num_chunk_splits: 9.
num_chunks_enlarged: 3.
num_inconsistent_stats: 0.

CodeHeap 'non-profiled nmethods': size=120000Kb used=67Kb max_used=67Kb free=119932Kb
 bounds [0x0000020610fd0000, 0x0000020611240000, 0x0000020618500000]
CodeHeap 'profiled nmethods': size=120000Kb used=266Kb max_used=266Kb free=119733Kb
 bounds [0x0000020609500000, 0x0000020609770000, 0x0000020610a30000]
CodeHeap 'non-nmethods': size=5760Kb used=1108Kb max_used=1120Kb free=4651Kb
 bounds [0x0000020610a30000, 0x0000020610ca0000, 0x0000020610fd0000]
 total_blobs=606 nmethods=235 adapters=284
 compilation: enabled
              stopped_count=0, restarted_count=0
 full_count=0

Compilation events (20 events):
Event: 0.736 Thread 0x000002061f536060  226       3       java.lang.AbstractStringBuilder::<init> (39 bytes)
Event: 0.736 Thread 0x000002061f536060 nmethod 226 0x000002060953fb10 code [0x000002060953fcc0, 0x000002060953ff38]
Event: 0.741 Thread 0x000002061f536060  227       3       java.lang.StringBuilder::toString (35 bytes)
Event: 0.742 Thread 0x000002061f536060 nmethod 227 0x0000020609540010 code [0x00000206095401e0, 0x00000206095404b8]
Event: 0.742 Thread 0x000002061f536060  228       3       java.io.WinNTFileSystem::isSlash (18 bytes)
Event: 0.742 Thread 0x000002061f536060 nmethod 228 0x0000020609540590 code [0x0000020609540720, 0x00000206095408b8]
Event: 0.743 Thread 0x000002061f536060  229       3       java.lang.CharacterDataLatin1::getProperties (11 bytes)
Event: 0.744 Thread 0x000002061f536060 nmethod 229 0x0000020609540990 code [0x0000020609540b20, 0x0000020609540c58]
Event: 0.748 Thread 0x000002061f536060  230       3       java.lang.System::getSecurityManager (12 bytes)
Event: 0.748 Thread 0x000002061f536060 nmethod 230 0x0000020609540d10 code [0x0000020609540ea0, 0x0000020609541018]
Event: 0.748 Thread 0x000002061f536060  231       3       java.lang.System::allowSecurityManager (13 bytes)
Event: 0.748 Thread 0x000002061f536060 nmethod 231 0x0000020609541110 code [0x00000206095412a0, 0x00000206095413b8]
Event: 0.750 Thread 0x000002061f536060  232       3       jdk.internal.util.ArraysSupport::newLength (27 bytes)
Event: 0.751 Thread 0x000002061f536060 nmethod 232 0x0000020609541410 code [0x00000206095415c0, 0x0000020609541828]
Event: 0.752 Thread 0x000002061f536060  233       3       java.lang.CharacterDataLatin1::toLowerCase (39 bytes)
Event: 0.752 Thread 0x000002061f536060 nmethod 233 0x0000020609541910 code [0x0000020609541ac0, 0x0000020609541d18]
Event: 0.755 Thread 0x000002061f536060  234       3       java.lang.StringBuilder::<init> (7 bytes)
Event: 0.755 Thread 0x000002061f536060 nmethod 234 0x0000020609541e10 code [0x0000020609541fa0, 0x00000206095420e8]
Event: 0.758 Thread 0x000002061f536060  235       3       java.lang.StringLatin1::lastIndexOf (40 bytes)
Event: 0.758 Thread 0x000002061f536060 nmethod 235 0x0000020609542190 code [0x0000020609542360, 0x0000020609542758]

GC Heap History (0 events):
No events

Deoptimization events (8 events):
Event: 0.716 Thread 0x0000020601c447f0 Uncommon trap: trap_request=0xffffff45 fr.pc=0x0000020610fd655c relative=0x000000000000005c
Event: 0.716 Thread 0x0000020601c447f0 Uncommon trap: reason=unstable_if action=reinterpret pc=0x0000020610fd655c method=java.lang.String.isLatin1()Z @ 10 c2
Event: 0.716 Thread 0x0000020601c447f0 DEOPT PACKING pc=0x0000020610fd655c sp=0x0000000f528fe280
Event: 0.716 Thread 0x0000020601c447f0 DEOPT UNPACKING pc=0x0000020610a85ba3 sp=0x0000000f528fe210 mode 2
Event: 0.735 Thread 0x0000020601c447f0 Uncommon trap: trap_request=0xffffff45 fr.pc=0x0000020610fdf4e8 relative=0x0000000000000808
Event: 0.735 Thread 0x0000020601c447f0 Uncommon trap: reason=unstable_if action=reinterpret pc=0x0000020610fdf4e8 method=java.util.HashMap.putVal(ILjava/lang/Object;Ljava/lang/Object;ZZ)Ljava/lang/Object; @ 81 c2
Event: 0.735 Thread 0x0000020601c447f0 DEOPT PACKING pc=0x0000020610fdf4e8 sp=0x0000000f528fe140
Event: 0.735 Thread 0x0000020601c447f0 DEOPT UNPACKING pc=0x0000020610a85ba3 sp=0x0000000f528fe0e0 mode 2

Classes unloaded (0 events):
No events

Classes redefined (0 events):
No events

Internal exceptions (9 events):
Event: 0.691 Thread 0x0000020601c447f0 Exception <a 'sun/nio/fs/WindowsException'{0x000000008ba4b2e0}> (0x000000008ba4b2e0) 
thrown [s\open\src\hotspot\share\prims\jni.cpp, line 516]
Event: 0.691 Thread 0x0000020601c447f0 Exception <a 'sun/nio/fs/WindowsException'{0x000000008ba4b840}> (0x000000008ba4b840) 
thrown [s\open\src\hotspot\share\prims\jni.cpp, line 516]
Event: 0.694 Thread 0x0000020601c447f0 Exception <a 'sun/nio/fs/WindowsException'{0x000000008ba4dc50}> (0x000000008ba4dc50) 
thrown [s\open\src\hotspot\share\prims\jni.cpp, line 516]
Event: 0.694 Thread 0x0000020601c447f0 Exception <a 'sun/nio/fs/WindowsException'{0x000000008ba4e778}> (0x000000008ba4e778) 
thrown [s\open\src\hotspot\share\prims\jni.cpp, line 516]
Event: 0.694 Thread 0x0000020601c447f0 Exception <a 'sun/nio/fs/WindowsException'{0x000000008ba4f268}> (0x000000008ba4f268) 
thrown [s\open\src\hotspot\share\prims\jni.cpp, line 516]
Event: 0.694 Thread 0x0000020601c447f0 Exception <a 'sun/nio/fs/WindowsException'{0x000000008ba4fd70}> (0x000000008ba4fd70) 
thrown [s\open\src\hotspot\share\prims\jni.cpp, line 516]
Event: 0.694 Thread 0x0000020601c447f0 Exception <a 'sun/nio/fs/WindowsException'{0x000000008ba50870}> (0x000000008ba50870) 
thrown [s\open\src\hotspot\share\prims\jni.cpp, line 516]
Event: 0.694 Thread 0x0000020601c447f0 Exception <a 'sun/nio/fs/WindowsException'{0x000000008ba51340}> (0x000000008ba51340) 
thrown [s\open\src\hotspot\share\prims\jni.cpp, line 516]
Event: 0.694 Thread 0x0000020601c447f0 Exception <a 'sun/nio/fs/WindowsException'{0x000000008ba51e30}> (0x000000008ba51e30) 
thrown [s\open\src\hotspot\share\prims\jni.cpp, line 516]

VM Operations (2 events):
Event: 0.696 Executing VM operation: HandshakeAllThreads
Event: 0.696 Executing VM operation: HandshakeAllThreads done

Events (20 events):
Event: 0.752 loading class java/awt/image/ImageFilter done
Event: 0.753 loading class java/awt/image/RGBImageFilter
Event: 0.753 loading class java/awt/image/RGBImageFilter done
Event: 0.753 loading class javax/swing/UIDefaults
Event: 0.754 loading class javax/swing/UIDefaults done
Event: 0.756 loading class java/util/MissingResourceException
Event: 0.756 loading class java/util/MissingResourceException done
Event: 0.756 loading class java/awt/Font
Event: 0.757 loading class java/awt/Font done
Event: 0.757 loading class javax/swing/plaf/FontUIResource
Event: 0.757 loading class javax/swing/plaf/UIResource
Event: 0.757 loading class javax/swing/plaf/UIResource done
Event: 0.757 loading class javax/swing/plaf/FontUIResource done
Event: 0.757 loading class java/lang/IllegalStateException
Event: 0.757 loading class java/lang/IllegalStateException done
Event: 0.758 loading class java/awt/Component
Event: 0.758 loading class java/awt/image/ImageObserver
Event: 0.758 loading class java/awt/image/ImageObserver done
Event: 0.758 loading class java/awt/MenuContainer
Event: 0.758 loading class java/awt/MenuContainer done


Dynamic libraries:
0x00007ff6d7f80000 - 0x00007ff6d7f90000 	C:\Program Files\Java\jdk-17\bin\java.exe
0x00007ffd886d0000 - 0x00007ffd888e7000 	C:\WINDOWS\SYSTEM32\ntdll.dll
0x00007ffd87000000 - 0x00007ffd870c4000 	C:\WINDOWS\System32\KERNEL32.DLL
0x00007ffd857c0000 - 0x00007ffd85b92000 	C:\WINDOWS\System32\KERNELBASE.dll
0x00007ffd85d80000 - 0x00007ffd85e91000 	C:\WINDOWS\System32\ucrtbase.dll
0x00007ffd69e70000 - 0x00007ffd69e8b000 	C:\Program Files\Java\jdk-17\bin\VCRUNTIME140.dll
0x00007ffd64440000 - 0x00007ffd64459000 	C:\Program Files\Java\jdk-17\bin\jli.dll
0x00007ffd86390000 - 0x00007ffd86441000 	C:\WINDOWS\System32\ADVAPI32.dll
0x00007ffd86c90000 - 0x00007ffd86d37000 	C:\WINDOWS\System32\msvcrt.dll
0x00007ffd87f30000 - 0x00007ffd87fd8000 	C:\WINDOWS\System32\sechost.dll
0x00007ffd85cd0000 - 0x00007ffd85cf8000 	C:\WINDOWS\System32\bcrypt.dll
0x00007ffd86750000 - 0x00007ffd86864000 	C:\WINDOWS\System32\RPCRT4.dll
0x00007ffd869d0000 - 0x00007ffd86b81000 	C:\WINDOWS\System32\USER32.dll
0x00007ffd85ea0000 - 0x00007ffd85ec6000 	C:\WINDOWS\System32\win32u.dll
0x00007ffd885f0000 - 0x00007ffd88619000 	C:\WINDOWS\System32\GDI32.dll
0x00007ffd65490000 - 0x00007ffd6572b000 	C:\WINDOWS\WinSxS\amd64_microsoft.windows.common-controls_6595b64144ccf1df_6.0.22621.5547_none_27104afb73855772\COMCTL32.dll
0x00007ffd85ba0000 - 0x00007ffd85cc3000 	C:\WINDOWS\System32\gdi32full.dll
0x00007ffd85ed0000 - 0x00007ffd85f6a000 	C:\WINDOWS\System32\msvcp_win.dll
0x00007ffd7a4f0000 - 0x00007ffd7a4fa000 	C:\WINDOWS\SYSTEM32\VERSION.dll
0x00007ffd86450000 - 0x00007ffd86481000 	C:\WINDOWS\System32\IMM32.DLL
0x00007ffd7f640000 - 0x00007ffd7f64c000 	C:\Program Files\Java\jdk-17\bin\vcruntime140_1.dll
0x00007ffd2bc60000 - 0x00007ffd2bcee000 	C:\Program Files\Java\jdk-17\bin\msvcp140.dll
0x00007ffd1c3e0000 - 0x00007ffd1cfc0000 	C:\Program Files\Java\jdk-17\bin\server\jvm.dll
0x00007ffd865a0000 - 0x00007ffd865a8000 	C:\WINDOWS\System32\PSAPI.DLL
0x00007ffd7b3a0000 - 0x00007ffd7b3d4000 	C:\WINDOWS\SYSTEM32\WINMM.dll
0x00007ffd7f6a0000 - 0x00007ffd7f6a9000 	C:\WINDOWS\SYSTEM32\WSOCK32.dll
0x00007ffd86520000 - 0x00007ffd86591000 	C:\WINDOWS\System32\WS2_32.dll
0x00007ffd847f0000 - 0x00007ffd84808000 	C:\WINDOWS\SYSTEM32\kernel.appcore.dll
0x00007ffd7db30000 - 0x00007ffd7db3a000 	C:\Program Files\Java\jdk-17\bin\jimage.dll
0x00007ffd831f0000 - 0x00007ffd83423000 	C:\WINDOWS\SYSTEM32\DBGHELP.DLL
0x00007ffd87fe0000 - 0x00007ffd88373000 	C:\WINDOWS\System32\combase.dll
0x00007ffd86f20000 - 0x00007ffd86ff7000 	C:\WINDOWS\System32\OLEAUT32.dll
0x00007ffd60f50000 - 0x00007ffd60f82000 	C:\WINDOWS\SYSTEM32\dbgcore.DLL
0x00007ffd85d00000 - 0x00007ffd85d7b000 	C:\WINDOWS\System32\bcryptPrimitives.dll
0x00007ffd69e20000 - 0x00007ffd69e45000 	C:\Program Files\Java\jdk-17\bin\java.dll
0x00007ffd29530000 - 0x00007ffd29607000 	C:\Program Files\Java\jdk-17\bin\jsvml.dll
0x00007ffd870d0000 - 0x00007ffd87972000 	C:\WINDOWS\System32\SHELL32.dll
0x00007ffd86220000 - 0x00007ffd8635f000 	C:\WINDOWS\System32\wintypes.dll
0x00007ffd836f0000 - 0x00007ffd8400d000 	C:\WINDOWS\SYSTEM32\windows.storage.dll
0x00007ffd884e0000 - 0x00007ffd885ec000 	C:\WINDOWS\System32\SHCORE.dll
0x00007ffd86b90000 - 0x00007ffd86bf9000 	C:\WINDOWS\System32\shlwapi.dll
0x00007ffd856f0000 - 0x00007ffd8571b000 	C:\WINDOWS\SYSTEM32\profapi.dll
0x00007ffd696e0000 - 0x00007ffd696f9000 	C:\Program Files\Java\jdk-17\bin\net.dll
0x00007ffd7f740000 - 0x00007ffd7f86c000 	C:\WINDOWS\SYSTEM32\WINHTTP.dll
0x00007ffd84c70000 - 0x00007ffd84cd9000 	C:\WINDOWS\system32\mswsock.dll
0x00007ffd68800000 - 0x00007ffd68816000 	C:\Program Files\Java\jdk-17\bin\nio.dll
0x00007ffd687e0000 - 0x00007ffd687f8000 	C:\Program Files\Java\jdk-17\bin\zip.dll

dbghelp: loaded successfully - version: 4.0.5 - missing functions: none
symbol engine: initialized successfully - sym options: 0x614 - pdb path: .;C:\Program Files\Java\jdk-17\bin;C:\WINDOWS\SYSTEM32;C:\WINDOWS\WinSxS\amd64_microsoft.windows.common-controls_6595b64144ccf1df_6.0.22621.5547_none_27104afb73855772;C:\Program Files\Java\jdk-17\bin\server

VM Arguments:
jvm_args: -Dfile.encoding=UTF-8 --module-path=C:\Users\hphp2\OneDrive\Documents\NetBeansProjects\GestionVols\build\classes 
java_command: gestionvols.GestionVols
java_class_path (initial): C:\Users\hphp2\Downloads\mysql-connector-j-8.4.0.jar;C:\Users\hphp2\Downloads\flatlaf-3.6.2.jar;C:\Users\hphp2\OneDrive\Documents\NetBeansProjects\GestionVols\build\classes
Launcher Type: SUN_STANDARD

[Global flags]
     intx CICompilerCount                          = 3                                         {product} {ergonomic}
     uint ConcGCThreads                            = 1                                         {product} {ergonomic}
     uint G1ConcRefinementThreads                  = 4                                         {product} {ergonomic}
   size_t G1HeapRegionSize                         = 1048576                                   {product} {ergonomic}
    uintx GCDrainStackTargetSize                   = 64                                        {product} {ergonomic}
   size_t InitialHeapSize                          = 130023424                                 {product} {ergonomic}
   size_t MarkStackSize                            = 4194304                                   {product} {ergonomic}
   size_t MaxHeapSize                              = 2080374784                                {product} {ergonomic}
   size_t MaxNewSize                               = 1247805440                                {product} {ergonomic}
   size_t MinHeapDeltaBytes                        = 1048576                                   {product} {ergonomic}
   size_t MinHeapSize                              = 8388608                                   {product} {ergonomic}
    uintx NonNMethodCodeHeapSize                   = 5832780                                {pd product} {ergonomic}
    uintx NonProfiledCodeHeapSize                  = 122912730                              {pd product} {ergonomic}
    uintx ProfiledCodeHeapSize                     = 122912730                              {pd product} {ergonomic}
    uintx ReservedCodeCacheSize                    = 251658240                              {pd product} {ergonomic}
     bool SegmentedCodeCache                       = true                                      {product} {ergonomic}
   size_t SoftMaxHeapSize                          = 2080374784                             {manageable} {ergonomic}
     bool UseCompressedClassPointers               = true                           {product lp64_product} {ergonomic}
     bool UseCompressedOops                        = true                           {product lp64_product} {ergonomic}
     bool UseG1GC                                  = true                                      {product} {ergonomic}
     bool UseLargePagesIndividualAllocation        = false                                  {pd product} {ergonomic}

Logging:
Log output configuration:
 #0: stdout all=warning uptime,level,tags
 #1: stderr all=off uptime,level,tags

Environment Variables:
PATH=C:\Program Files (x86)\VMware\VMware Workstation\bin\;C:\Program Files\Common Files\Oracle\Java\javapath;C:\WINDOWS\system32;C:\WINDOWS;C:\WINDOWS\System32\Wbem;C:\WINDOWS\System32\WindowsPowerShell\v1.0\;C:\WINDOWS\System32\OpenSSH\;C:\xampp\php;C:\Program Files (x86)\7-Zip\;C:\php8;C:\Program Files\Git\cmd;C:\Program Files (x86)\Windows Kits\10\Windows Performance Toolkit\;C:\ProgramData\ComposerSetup\bin;C:\Program Files\nodejs\;C:\Users\hphp2\AppData\Local\Programs\Python\Python310\Scripts\;C:\Users\hphp2\AppData\Local\Programs\Python\Python310\;C:\Users\hphp2\AppData\Local\Programs\Python\Python313\Scripts\;C:\Users\hphp2\AppData\Local\Programs\Python\Python313\;C:\Users\hphp2\scoop\shims;C:\Users\hphp2\AppData\Local\Microsoft\WindowsApps;C:\flutter\bin;C:\Users\hphp2\AppData\Roaming\Composer\vendor\bin;C:\Users\hphp2\AppData\Local\Programs\Microsoft VS Code\bin;C:\dart-sdk\bin;C:\Users\hphp2\AppData\Local\Pub\Cache\bin;C:\Users\hphp2\AppData\Roaming\Microsoft\Windows\Start Menu\Programs\Python 3.10;C:\Users\hphp2\AppData\Roaming\npm
USERNAME=hphp2
OS=Windows_NT
PROCESSOR_IDENTIFIER=Intel64 Family 6 Model 140 Stepping 1, GenuineIntel



---------------  S Y S T E M  ---------------

OS:
 Windows 11 , 64 bit Build 22621 (10.0.22621.5415)
OS uptime: 17 days 2:15 hours

CPU: total 4 (initial active 4) (2 cores per cpu, 2 threads per core) family 6 model 140 stepping 1 microcode 0xac, cx8, cmov, fxsr, ht, mmx, 3dnowpref, sse, sse2, sse3, ssse3, sse4.1, sse4.2, popcnt, lzcnt, tsc, tscinvbit, avx, avx2, aes, erms, clmul, bmi1, bmi2, adx, avx512f, avx512dq, avx512cd, avx512bw, avx512vl, sha, fma, vzeroupper, avx512_vpopcntdq, avx512_vpclmulqdq, avx512_vaes, avx512_vnni, clflush, clflushopt, clwb, avx512_vbmi2, avx512_vbmi

Memory: 4k page, system-wide physical 7932M (330M free)
TotalPageFile size 27075M (AvailPageFile size 1M)
current process WorkingSet (physical memory assigned to process): 34M, peak: 34M
current process commit charge ("private bytes"): 194M, peak: 194M

vm_info: Java HotSpot(TM) 64-Bit Server VM (17.0.12+8-LTS-286) for windows-amd64 JRE (17.0.12+8-LTS-286), built on Jun  5 2024 06:46:59 by "mach5one" with MS VC++ 17.6 (VS2022)

END.
